c:\users\dell\desktop\folders\c++ vs\opengl2\opengl2\debug\vc140.pdb
c:\users\dell\desktop\folders\c++ vs\opengl2\opengl2\debug\vc140.idb
c:\users\dell\desktop\folders\c++ vs\opengl2\opengl2\debug\main.obj
c:\users\dell\desktop\folders\c++ vs\opengl2\debug\opengl2.pdb
c:\users\dell\desktop\folders\c++ vs\opengl2\opengl2\debug\opengl2.tlog\cl.command.1.tlog
c:\users\dell\desktop\folders\c++ vs\opengl2\opengl2\debug\opengl2.tlog\cl.read.1.tlog
c:\users\dell\desktop\folders\c++ vs\opengl2\opengl2\debug\opengl2.tlog\cl.write.1.tlog
c:\users\dell\desktop\folders\c++ vs\opengl2\opengl2\debug\opengl2.tlog\link-cvtres.read.1.tlog
c:\users\dell\desktop\folders\c++ vs\opengl2\opengl2\debug\opengl2.tlog\link-cvtres.write.1.tlog
c:\users\dell\desktop\folders\c++ vs\opengl2\opengl2\debug\opengl2.tlog\link-rc.read.1.tlog
c:\users\dell\desktop\folders\c++ vs\opengl2\opengl2\debug\opengl2.tlog\link-rc.write.1.tlog
c:\users\dell\desktop\folders\c++ vs\opengl2\opengl2\debug\opengl2.tlog\link.9224-cvtres.read.1.tlog
c:\users\dell\desktop\folders\c++ vs\opengl2\opengl2\debug\opengl2.tlog\link.9224-cvtres.write.1.tlog
c:\users\dell\desktop\folders\c++ vs\opengl2\opengl2\debug\opengl2.tlog\link.9224-rc.read.1.tlog
c:\users\dell\desktop\folders\c++ vs\opengl2\opengl2\debug\opengl2.tlog\link.9224-rc.write.1.tlog
c:\users\dell\desktop\folders\c++ vs\opengl2\opengl2\debug\opengl2.tlog\link.9224.read.1.tlog
c:\users\dell\desktop\folders\c++ vs\opengl2\opengl2\debug\opengl2.tlog\link.9224.write.1.tlog
c:\users\dell\desktop\folders\c++ vs\opengl2\opengl2\debug\opengl2.tlog\link.command.1.tlog
c:\users\dell\desktop\folders\c++ vs\opengl2\opengl2\debug\opengl2.tlog\link.read.1.tlog
c:\users\dell\desktop\folders\c++ vs\opengl2\opengl2\debug\opengl2.tlog\link.write.1.tlog
